# JRE version: OpenJDK Runtime Environment Microsoft-8035246 (17.0.8+7) (build 17.0.8+7-LTS)
# Java VM: OpenJDK 64-Bit Server VM Microsoft-8035246 (17.0.8+7-LTS, mixed mode, sharing, tiered, compressed oops, compressed class ptrs, g1 gc, windows-amd64)
GC Precious Log:
 CPUs: 8 total, 8 available
 Memory: 16220M
 Large Page Support: Disabled
 NUMA Support: Disabled
 Compressed Oops: Enabled (32-bit)
 Heap Region Size: 1M
 Heap Min Capacity: 8M
 Heap Initial Capacity: 254M
 Heap Max Capacity: 2G
 Pre-touch: Disabled
 Parallel Workers: 8
 Concurrent Workers: 2
 Concurrent Refinement Workers: 8
 Periodic GC: Disabled
Heap:
 garbage-first heap   total 301056K, used 180326K [0x0000000080000000, 0x0000000100000000)
  region size 1024K, 24 young (24576K), 6 survivors (6144K)
 Metaspace       used 101377K, committed 102208K, reserved 557056K
  class space    used 14072K, committed 14464K, reserved 425984K
GC Heap History (20 events):
Event: 35.042 GC heap before
{Heap before GC invocations=58 (full 0):
 garbage-first heap   total 198656K, used 134821K [0x0000000080000000, 0x0000000100000000)
  region size 1024K, 32 young (32768K), 6 survivors (6144K)
 Metaspace       used 89113K, committed 90048K, reserved 557056K
  class space    used 12537K, committed 12992K, reserved 425984K
}
Event: 35.048 GC heap after
{Heap after GC invocations=59 (full 0):
 garbage-first heap   total 198656K, used 112689K [0x0000000080000000, 0x0000000100000000)
  region size 1024K, 4 young (4096K), 4 survivors (4096K)
 Metaspace       used 89113K, committed 90048K, reserved 557056K
  class space    used 12537K, committed 12992K, reserved 425984K
}
Event: 35.766 GC heap before
{Heap before GC invocations=59 (full 0):
 garbage-first heap   total 198656K, used 132145K [0x0000000080000000, 0x0000000100000000)
  region size 1024K, 25 young (25600K), 4 survivors (4096K)
 Metaspace       used 89524K, committed 90432K, reserved 557056K
  class space    used 12566K, committed 12992K, reserved 425984K
}
Event: 35.772 GC heap after
{Heap after GC invocations=60 (full 0):
 garbage-first heap   total 198656K, used 116802K [0x0000000080000000, 0x0000000100000000)
  region size 1024K, 4 young (4096K), 4 survivors (4096K)
 Metaspace       used 89524K, committed 90432K, reserved 557056K
  class space    used 12566K, committed 12992K, reserved 425984K
}
Event: 36.605 GC heap before
{Heap before GC invocations=61 (full 0):
 garbage-first heap   total 201728K, used 148546K [0x0000000080000000, 0x0000000100000000)
  region size 1024K, 35 young (35840K), 4 survivors (4096K)
 Metaspace       used 89823K, committed 90752K, reserved 557056K
  class space    used 12595K, committed 13056K, reserved 425984K
}
Event: 36.614 GC heap after
{Heap after GC invocations=62 (full 0):
 garbage-first heap   total 201728K, used 123974K [0x0000000080000000, 0x0000000100000000)
  region size 1024K, 5 young (5120K), 5 survivors (5120K)
 Metaspace       used 89823K, committed 90752K, reserved 557056K
  class space    used 12595K, committed 13056K, reserved 425984K
}
Event: 36.661 GC heap before
{Heap before GC invocations=62 (full 0):
 garbage-first heap   total 201728K, used 126022K [0x0000000080000000, 0x0000000100000000)
  region size 1024K, 8 young (8192K), 5 survivors (5120K)
 Metaspace       used 89852K, committed 90816K, reserved 557056K
  class space    used 12600K, committed 13056K, reserved 425984K
}
Event: 36.666 GC heap after
{Heap after GC invocations=63 (full 0):
 garbage-first heap   total 301056K, used 125305K [0x0000000080000000, 0x0000000100000000)
  region size 1024K, 1 young (1024K), 1 survivors (1024K)
 Metaspace       used 89852K, committed 90816K, reserved 557056K
  class space    used 12600K, committed 13056K, reserved 425984K
}
Event: 37.813 GC heap before
{Heap before GC invocations=63 (full 0):
 garbage-first heap   total 301056K, used 202105K [0x0000000080000000, 0x0000000100000000)
  region size 1024K, 74 young (75776K), 1 survivors (1024K)
 Metaspace       used 95118K, committed 96000K, reserved 557056K
  class space    used 13324K, committed 13760K, reserved 425984K
}
Event: 37.821 GC heap after
{Heap after GC invocations=64 (full 0):
 garbage-first heap   total 301056K, used 134715K [0x0000000080000000, 0x0000000100000000)
  region size 1024K, 9 young (9216K), 9 survivors (9216K)
 Metaspace       used 95118K, committed 96000K, reserved 557056K
  class space    used 13324K, committed 13760K, reserved 425984K
}
Event: 39.027 GC heap before
{Heap before GC invocations=64 (full 0):
 garbage-first heap   total 301056K, used 209467K [0x0000000080000000, 0x0000000100000000)
  region size 1024K, 82 young (83968K), 9 survivors (9216K)
 Metaspace       used 97536K, committed 98432K, reserved 557056K
  class space    used 13625K, committed 14016K, reserved 425984K
}
Event: 39.040 GC heap after
{Heap after GC invocations=65 (full 0):
 garbage-first heap   total 301056K, used 142452K [0x0000000080000000, 0x0000000100000000)
  region size 1024K, 8 young (8192K), 8 survivors (8192K)
 Metaspace       used 97536K, committed 98432K, reserved 557056K
  class space    used 13625K, committed 14016K, reserved 425984K
}
Event: 39.666 GC heap before
{Heap before GC invocations=65 (full 0):
 garbage-first heap   total 301056K, used 187508K [0x0000000080000000, 0x0000000100000000)
  region size 1024K, 54 young (55296K), 8 survivors (8192K)
 Metaspace       used 98875K, committed 99712K, reserved 557056K
  class space    used 13742K, committed 14144K, reserved 425984K
}
Event: 39.679 GC heap after
{Heap after GC invocations=66 (full 0):
 garbage-first heap   total 301056K, used 149502K [0x0000000080000000, 0x0000000100000000)
  region size 1024K, 7 young (7168K), 7 survivors (7168K)
 Metaspace       used 98875K, committed 99712K, reserved 557056K
  class space    used 13742K, committed 14144K, reserved 425984K
}
Event: 40.960 GC heap before
{Heap before GC invocations=67 (full 0):
 garbage-first heap   total 301056K, used 229374K [0x0000000080000000, 0x0000000100000000)
  region size 1024K, 81 young (82944K), 7 survivors (7168K)
 Metaspace       used 101162K, committed 102080K, reserved 557056K
  class space    used 14065K, committed 14464K, reserved 425984K
}
Event: 40.974 GC heap after
{Heap after GC invocations=68 (full 0):
 garbage-first heap   total 301056K, used 154624K [0x0000000080000000, 0x0000000100000000)
  region size 1024K, 6 young (6144K), 6 survivors (6144K)
 Metaspace       used 101162K, committed 102080K, reserved 557056K
  class space    used 14065K, committed 14464K, reserved 425984K
}
Event: 41.036 GC heap before
{Heap before GC invocations=68 (full 0):
 garbage-first heap   total 301056K, used 161792K [0x0000000080000000, 0x0000000100000000)
  region size 1024K, 14 young (14336K), 6 survivors (6144K)
 Metaspace       used 101218K, committed 102144K, reserved 557056K
  class space    used 14065K, committed 14464K, reserved 425984K
}
Event: 41.048 GC heap after
{Heap after GC invocations=69 (full 0):
 garbage-first heap   total 301056K, used 155490K [0x0000000080000000, 0x0000000100000000)
  region size 1024K, 2 young (2048K), 2 survivors (2048K)
 Metaspace       used 101218K, committed 102144K, reserved 557056K
  class space    used 14065K, committed 14464K, reserved 425984K
}
Event: 42.004 GC heap before
{Heap before GC invocations=69 (full 0):
 garbage-first heap   total 301056K, used 234338K [0x0000000080000000, 0x0000000100000000)
  region size 1024K, 76 young (77824K), 2 survivors (2048K)
 Metaspace       used 101273K, committed 102144K, reserved 557056K
  class space    used 14066K, committed 14464K, reserved 425984K
}
Event: 42.011 GC heap after
{Heap after GC invocations=70 (full 0):
 garbage-first heap   total 301056K, used 159846K [0x0000000080000000, 0x0000000100000000)
  region size 1024K, 6 young (6144K), 6 survivors (6144K)
 Metaspace       used 101273K, committed 102144K, reserved 557056K
  class space    used 14066K, committed 14464K, reserved 425984K
}

